ERROR - 2020-10-20 22:10:25,928 - login_register_api - register_email - 34212 - 140459782264576 - register_email_create_error:(1048, "Column 'phone' cannot be null")
ERROR - 2020-10-20 22:10:28,950 - login_register_api - register_email - 34212 - 140459782264576 - register_email_create_error:(1048, "Column 'phone' cannot be null")
ERROR - 2020-10-20 22:11:36,369 - login_register_api - register_email - 34341 - 140704352786176 - register_email_create_error:(1048, "Column 'full_name' cannot be null")
ERROR - 2020-10-20 22:14:15,488 - login_register_api - register_email - 34913 - 140099891685120 - register_email_create_error:(1048, "Column 'full_name' cannot be null")
ERROR - 2020-10-20 22:14:55,525 - login_register_api - register_email - 35008 - 140396504684288 - register_email_create_error:(1048, "Column 'full_name' cannot be null")
ERROR - 2020-10-21 00:04:40,401 - login_register_api - register_phone - 53251 - 139658798790400 - register_phone_error:type object 'User' has no attribute 'user'
ERROR - 2020-11-08 22:49:32,915 - foot_redis - delete_foot_commodity_id - 2287 - 139658561873664 - Error 111 connecting to 0.0.0.0:6381. Connection refused.
ERROR - 2021-01-05 20:10:45,081 - ali_card_ocr - get_posturl_result - 10793 - 139778113386240 - HTTP Error 400: Bad Request
ERROR - 2021-01-05 20:10:45,626 - ali_card_ocr - get_posturl_result - 10793 - 139778113386240 - HTTP Error 400: Bad Request
ERROR - 2021-01-05 20:10:53,001 - ali_card_ocr - get_posturl_result - 10793 - 139778113386240 - HTTP Error 400: Bad Request
ERROR - 2021-01-05 20:10:53,619 - ali_card_ocr - get_posturl_result - 10793 - 139778113386240 - HTTP Error 400: Bad Request
ERROR - 2021-01-05 20:16:27,694 - ali_card_ocr - get_posturl_result - 11899 - 140442855298816 - HTTP Error 400: Bad Request
ERROR - 2021-01-05 20:16:28,360 - ali_card_ocr - get_posturl_result - 11899 - 140442855298816 - HTTP Error 400: Bad Request
ERROR - 2021-01-05 20:47:57,669 - address_serializers - update_address - 18485 - 139752216463104 - Address matching query does not exist.
ERROR - 2021-01-05 20:48:22,666 - address_serializers - update_address - 18576 - 140430827734784 - Address matching query does not exist.
ERROR - 2021-01-05 20:48:24,361 - address_serializers - update_address - 18576 - 140430827734784 - Address matching query does not exist.
ERROR - 2021-01-05 20:48:25,822 - address_serializers - update_address - 18576 - 140430827734784 - Address matching query does not exist.
ERROR - 2021-01-05 20:51:38,046 - address_serializers - delete_address - 19203 - 140701758379776 - Address matching query does not exist.
ERROR - 2021-01-05 20:52:03,031 - address_serializers - delete_address - 19265 - 140291873040128 - Address matching query does not exist.
ERROR - 2021-01-05 20:52:10,010 - address_serializers - delete_address - 19265 - 140291873040128 - Address matching query does not exist.
ERROR - 2021-01-05 20:54:15,034 - address_serializers - delete_address - 19330 - 139683658753792 - Address matching query does not exist.
ERROR - 2021-01-05 20:54:44,265 - address_serializers - delete_address - 19757 - 139765560604416 - Address matching query does not exist.
ERROR - 2021-01-05 20:54:46,791 - address_serializers - delete_address - 19757 - 139765560604416 - Address matching query does not exist.
ERROR - 2021-01-05 20:56:01,552 - address_serializers - delete_address - 19882 - 140177057949440 - Address matching query does not exist.
ERROR - 2021-01-05 20:56:04,172 - address_serializers - delete_address - 19882 - 140177057949440 - Address matching query does not exist.
ERROR - 2021-01-05 20:56:27,110 - address_serializers - delete_address - 20086 - 139994420758272 - Address matching query does not exist.
ERROR - 2021-01-05 20:59:04,503 - address_serializers - delete_address - 20511 - 140268071905024 - Address matching query does not exist.
ERROR - 2021-01-07 21:27:22,281 - foot_redis - delete_foot_commodity_id - 10562 - 140120057038592 - Invalid input of type: 'NoneType'. Convert to a bytes, string, int or float first.
ERROR - 2021-01-08 20:06:10,745 - address_serializers - update_address - 48507 - 140100233430784 - Address matching query does not exist.
ERROR - 2021-01-08 20:14:26,610 - address_serializers - update_address - 49752 - 139932064663296 - Address matching query does not exist.
ERROR - 2021-02-03 15:58:46,642 - address_serializers - add_or_edit_address - 6590 - 140632670025472 - 'default_address'
ERROR - 2021-02-03 15:59:45,659 - address_serializers - add_or_edit_address - 6709 - 140340299314944 - 'default_address'
ERROR - 2021-02-03 17:59:34,471 - address_serializers - delete_address - 15804 - 140222293747456 - Address matching query does not exist.
