{levelname} {asctime} {module} {funcName} {process:d} {thread:d} {message}
{levelname} {asctime} {module} {funcName} {process:d} {thread:d} {message}
{levelname} {asctime} {module} {funcName} {process:d} {thread:d} {message}
{levelname} {asctime} {module} {funcName} {process:d} {thread:d} {message}
{levelname} {asctime} {module} {funcName} {process:d} {thread:d} {message}
{levelname} {asctime} {module} {funcName} {process:d} {thread:d} {message}
ERROR - 2020-04-08 09:31:15,409 - shppoer_register_api - get - 20572 - 23332 - sss
ERROR - 2020-04-08 09:33:53,288 - shppoer_register_api - post - 13652 - 16904 - eee
ERROR - 2020-04-08 09:35:12,561 - shppoer_register_api - post - 10880 - 19536 - eee
ERROR - 2020-06-01 22:54:13,401 - shppoer_register_api - post - 7592 - 17340 - Login_error:name 'username' is not defined
ERROR - 2020-06-01 22:58:31,025 - shppoer_register_api - post - 2568 - 15424 - Login_error:name 'username' is not defined
ERROR - 2020-06-01 23:02:55,501 - shppoer_register_api - post - 2568 - 15424 - Login_error:name 'username' is not defined
ERROR - 2020-06-01 23:03:52,757 - shppoer_register_api - post - 2568 - 16564 - Login_error:name 'username' is not defined
ERROR - 2020-06-01 23:04:14,066 - shppoer_register_api - post - 2568 - 16564 - Login_error:name 'username' is not defined
ERROR - 2020-06-01 23:06:25,974 - shppoer_register_api - post - 2568 - 456 - Login_error:name 'username' is not defined
ERROR - 2020-06-01 23:08:41,391 - shppoer_register_api - post - 2568 - 456 - Login_error:name 'username' is not defined
ERROR - 2020-06-01 23:19:16,902 - shppoer_register_api - post - 2568 - 456 - Login_error:name 'username' is not defined
ERROR - 2020-06-01 23:19:35,876 - shppoer_register_api - post - 2568 - 456 - Login_error:name 'username' is not defined
ERROR - 2020-06-02 08:33:47,321 - shopper_redis - check_code - 16408 - 19860 - Invalid input of type: 'NoneType'. Convert to a bytes, string, int or float first.
ERROR - 2020-06-02 08:34:24,901 - shopper_redis - check_code - 16408 - 19860 - Invalid input of type: 'NoneType'. Convert to a bytes, string, int or float first.
ERROR - 2020-06-02 08:36:59,179 - shopper_redis - check_code - 21488 - 20108 - Invalid input of type: 'NoneType'. Convert to a bytes, string, int or float first.
ERROR - 2020-06-02 08:47:47,707 - ShopperSerializerApi - check_shopper_existed - 20916 - 19468 - 'NoneType' object is not iterable
ERROR - 2020-06-02 08:50:35,815 - ShopperSerializerApi - create_shopper - 19580 - 13528 - 'list' object has no attribute 'strip'
ERROR - 2020-06-02 08:54:08,990 - ShopperSerializerApi - create_shopper - 20268 - 17068 - 'list' object has no attribute 'strip'
ERROR - 2020-06-02 08:56:38,030 - ShopperSerializerApi - create_shopper - 14436 - 7000 - 'list' object has no attribute 'strip'
ERROR - 2020-06-02 09:03:51,539 - shopper_api - post - 21220 - 11200 - time data 'ÄÐ--' does not match format '%Y-%m-%d'
ERROR - 2020-06-02 09:05:16,973 - ShopperSerializerApi - create_shopper - 14796 - 20600 - 'list' object has no attribute 'strip'
ERROR - 2020-06-02 09:06:12,837 - ShopperSerializerApi - create_shopper - 22292 - 16380 - 'list' object has no attribute 'strip'
ERROR - 2020-06-02 09:08:10,353 - shopper_api - post - 22292 - 15948 - 'success'
ERROR - 2020-06-02 09:09:19,688 - shopper_api - post - 17064 - 5940 - 'success'
ERROR - 2020-06-02 09:10:40,866 - ShopperSerializerApi - create_shopper - 21188 - 22304 - 'list' object has no attribute 'strip'
ERROR - 2020-06-02 09:11:03,766 - shopper_api - post - 21740 - 19584 - 'success'
ERROR - 2020-06-02 09:13:17,292 - shopper_api - post - 21192 - 16036 - 'name'
ERROR - 2020-06-02 09:24:28,191 - ShopperSerializerApi - create_shopper - 18556 - 15292 - 'list' object has no attribute 'strip'
ERROR - 2020-06-02 09:25:27,852 - ShopperSerializerApi - create_shopper - 23192 - 22304 - 'list' object has no attribute 'strip'
ERROR - 2020-06-02 09:26:54,890 - ShopperSerializerApi - create_shopper - 11200 - 22052 - 'list' object has no attribute 'strip'
ERROR - 2020-06-02 09:29:17,092 - ShopperSerializerApi - create_shopper - 20916 - 19680 - 'list' object has no attribute 'strip'
ERROR - 2020-06-02 09:30:20,242 - ShopperSerializerApi - create_shopper - 23516 - 21696 - 'list' object has no attribute 'strip'
ERROR - 2020-06-02 09:32:00,201 - ShopperSerializerApi - create_shopper - 20204 - 22544 - 'list' object has no attribute 'strip'
ERROR - 2020-06-02 09:33:04,283 - ShopperSerializerApi - create_shopper - 21512 - 10068 - _create_user() takes 4 positional arguments but 5 were given
ERROR - 2020-06-02 09:34:07,139 - ShopperSerializerApi - create_shopper - 9208 - 23240 - _create_user() takes 4 positional arguments but 5 were given
ERROR - 2020-06-02 09:35:01,674 - ShopperSerializerApi - create_shopper - 22472 - 23468 - _create_user() takes 4 positional arguments but 5 were given
ERROR - 2020-06-02 10:03:55,218 - ShopperSerializerApi - create_shopper - 22784 - 19380 - (1364, "Field 'city' doesn't have a default value")
ERROR - 2020-06-02 10:06:27,021 - ShopperSerializerApi - create_shopper - 22784 - 19380 - (1364, "Field 'city' doesn't have a default value")
ERROR - 2020-06-03 14:58:12,360 - ShopperSerializerApi - create_shopper - 15424 - 15684 - (1062, "Duplicate entry '13787833290' for key 'phone'")
ERROR - 2020-06-03 15:07:29,348 - ShopperSerializerApi - create_shopper - 4768 - 6456 - Cannot assign "<Shoppers: Shoppers object (6)>": "Store.shopper" must be a "User" instance.
ERROR - 2020-06-03 15:11:53,744 - ShopperSerializerApi - create_shopper - 4768 - 6456 - Cannot assign "<Shoppers: Shoppers object (7)>": "Store.shopper" must be a "User" instance.
